[0m11:59:07.440556 [debug] [MainThread]: Sending event: {'category': 'dbt', 'action': 'invocation', 'label': 'start', 'context': [<snowplow_tracker.self_describing_json.SelfDescribingJson object at 0x10e3c0a90>, <snowplow_tracker.self_describing_json.SelfDescribingJson object at 0x10be99ca0>, <snowplow_tracker.self_describing_json.SelfDescribingJson object at 0x11058edc0>]}


============================== 11:59:07.444559 | 18abff22-f0ed-4a9c-bf6c-35ae0748cf60 ==============================
[0m11:59:07.444559 [info ] [MainThread]: Running with dbt=1.7.3
[0m11:59:07.445202 [debug] [MainThread]: running dbt with arguments {'printer_width': '80', 'indirect_selection': 'eager', 'write_json': 'True', 'log_cache_events': 'False', 'partial_parse': 'True', 'cache_selected_only': 'False', 'profiles_dir': '/Users/jirafona/.dbt', 'debug': 'False', 'warn_error': 'None', 'log_path': 'logs', 'version_check': 'True', 'fail_fast': 'False', 'use_colors': 'True', 'use_experimental_parser': 'False', 'no_print': 'None', 'quiet': 'False', 'log_format': 'default', 'introspect': 'True', 'invocation_command': 'dbt init jaffle_shop', 'warn_error_options': 'WarnErrorOptions(include=[], exclude=[])', 'target_path': 'None', 'static_parser': 'True', 'send_anonymous_usage_stats': 'True'}
[0m11:59:07.445859 [warn ] [MainThread]: [ConfigFolderDirectory]: Unable to parse dict {'dir': PosixPath('/Users/jirafona/.dbt')}
[0m11:59:07.446305 [info ] [MainThread]: Creating dbt configuration folder at 
[0m11:59:07.447413 [debug] [MainThread]: Starter project path: /Users/jirafona/.pyenv/versions/dbt-env/lib/python3.9/site-packages/dbt/include/starter_project
[0m11:59:07.453089 [info ] [MainThread]: 
Your new dbt project "jaffle_shop" was created!

For more information on how to configure the profiles.yml file,
please consult the dbt documentation here:

  https://docs.getdbt.com/docs/configure-your-profile

One more thing:

Need help? Don't hesitate to reach out to us via GitHub issues or on Slack:

  https://community.getdbt.com/

Happy modeling!

[0m11:59:07.453783 [info ] [MainThread]: Setting up your profile.
[0m12:01:11.976639 [info ] [MainThread]: Profile jaffle_shop written to /Users/jirafona/.dbt/profiles.yml using target's profile_template.yml and your supplied values. Run 'dbt debug' to validate the connection.
[0m12:01:12.004011 [debug] [MainThread]: Resource report: {"command_name": "init", "command_success": true, "command_wall_clock_time": 124.582855, "process_user_time": 2.082199, "process_kernel_time": 0.176453, "process_mem_max_rss": "93368320", "process_in_blocks": "0", "process_out_blocks": "0"}
[0m12:01:12.004851 [debug] [MainThread]: Command `dbt init` succeeded at 12:01:12.004673 after 124.58 seconds
[0m12:01:12.005336 [debug] [MainThread]: Sending event: {'category': 'dbt', 'action': 'invocation', 'label': 'end', 'context': [<snowplow_tracker.self_describing_json.SelfDescribingJson object at 0x10e3c0a90>, <snowplow_tracker.self_describing_json.SelfDescribingJson object at 0x1108886a0>, <snowplow_tracker.self_describing_json.SelfDescribingJson object at 0x11089ac10>]}
[0m12:01:12.005825 [debug] [MainThread]: Flushing usage events
[0m19:23:00.524195 [debug] [MainThread]: Sending event: {'category': 'dbt', 'action': 'invocation', 'label': 'start', 'context': [<snowplow_tracker.self_describing_json.SelfDescribingJson object at 0x10aa25a90>, <snowplow_tracker.self_describing_json.SelfDescribingJson object at 0x10cc454c0>, <snowplow_tracker.self_describing_json.SelfDescribingJson object at 0x10cc15430>]}


============================== 19:23:00.529222 | fd1e0a89-d498-4dc3-8478-389585b8bea1 ==============================
[0m19:23:00.529222 [info ] [MainThread]: Running with dbt=1.7.3
[0m19:23:00.529869 [debug] [MainThread]: running dbt with arguments {'printer_width': '80', 'indirect_selection': 'eager', 'write_json': 'True', 'log_cache_events': 'False', 'partial_parse': 'True', 'cache_selected_only': 'False', 'profiles_dir': '/Users/jirafona/.dbt', 'fail_fast': 'False', 'version_check': 'True', 'log_path': 'logs', 'warn_error': 'None', 'debug': 'False', 'use_colors': 'True', 'use_experimental_parser': 'False', 'no_print': 'None', 'quiet': 'False', 'log_format': 'default', 'invocation_command': 'dbt debug', 'static_parser': 'True', 'warn_error_options': 'WarnErrorOptions(include=[], exclude=[])', 'target_path': 'None', 'introspect': 'True', 'send_anonymous_usage_stats': 'True'}
[0m19:23:00.530620 [info ] [MainThread]: dbt version: 1.7.3
[0m19:23:00.531050 [info ] [MainThread]: python version: 3.9.9
[0m19:23:00.531460 [info ] [MainThread]: python path: /Users/jirafona/.pyenv/versions/dbt-env/bin/python
[0m19:23:00.531870 [info ] [MainThread]: os info: macOS-13.6.1-x86_64-i386-64bit
[0m19:23:00.624936 [info ] [MainThread]: Using profiles dir at /Users/jirafona/.dbt
[0m19:23:00.625534 [info ] [MainThread]: Using profiles.yml file at /Users/jirafona/.dbt/profiles.yml
[0m19:23:00.626023 [info ] [MainThread]: Using dbt_project.yml file at /Users/jirafona/git_repos/dbt-tutorial/dbt_project.yml
[0m19:23:00.626672 [info ] [MainThread]: adapter type: postgres
[0m19:23:00.627095 [info ] [MainThread]: adapter version: 1.7.3
[0m19:23:00.627543 [info ] [MainThread]: Configuration:
[0m19:23:00.627980 [info ] [MainThread]:   profiles.yml file [[32mOK found and valid[0m]
[0m19:23:00.628438 [info ] [MainThread]:   dbt_project.yml file [[31mERROR not found[0m]
[0m19:23:00.630396 [info ] [MainThread]: Required dependencies:
[0m19:23:00.630953 [debug] [MainThread]: Executing "git --help"
[0m19:23:00.638890 [debug] [MainThread]: STDOUT: "b"usage: git [-v | --version] [-h | --help] [-C <path>] [-c <name>=<value>]\n           [--exec-path[=<path>]] [--html-path] [--man-path] [--info-path]\n           [-p | --paginate | -P | --no-pager] [--no-replace-objects] [--bare]\n           [--git-dir=<path>] [--work-tree=<path>] [--namespace=<name>]\n           [--config-env=<name>=<envvar>] <command> [<args>]\n\nThese are common Git commands used in various situations:\n\nstart a working area (see also: git help tutorial)\n   clone     Clone a repository into a new directory\n   init      Create an empty Git repository or reinitialize an existing one\n\nwork on the current change (see also: git help everyday)\n   add       Add file contents to the index\n   mv        Move or rename a file, a directory, or a symlink\n   restore   Restore working tree files\n   rm        Remove files from the working tree and from the index\n\nexamine the history and state (see also: git help revisions)\n   bisect    Use binary search to find the commit that introduced a bug\n   diff      Show changes between commits, commit and working tree, etc\n   grep      Print lines matching a pattern\n   log       Show commit logs\n   show      Show various types of objects\n   status    Show the working tree status\n\ngrow, mark and tweak your common history\n   branch    List, create, or delete branches\n   commit    Record changes to the repository\n   merge     Join two or more development histories together\n   rebase    Reapply commits on top of another base tip\n   reset     Reset current HEAD to the specified state\n   switch    Switch branches\n   tag       Create, list, delete or verify a tag object signed with GPG\n\ncollaborate (see also: git help workflows)\n   fetch     Download objects and refs from another repository\n   pull      Fetch from and integrate with another repository or a local branch\n   push      Update remote refs along with associated objects\n\n'git help -a' and 'git help -g' list available subcommands and some\nconcept guides. See 'git help <command>' or 'git help <concept>'\nto read about a specific subcommand or concept.\nSee 'git help git' for an overview of the system.\n""
[0m19:23:00.641296 [debug] [MainThread]: STDERR: "b''"
[0m19:23:00.641832 [info ] [MainThread]:  - git [[32mOK found[0m]

[0m19:23:00.642293 [info ] [MainThread]: Connection:
[0m19:23:00.642783 [info ] [MainThread]:   host: localhost
[0m19:23:00.643203 [info ] [MainThread]:   port: 5432
[0m19:23:00.643615 [info ] [MainThread]:   user: jirafona
[0m19:23:00.644026 [info ] [MainThread]:   database: jirafona
[0m19:23:00.644449 [info ] [MainThread]:   schema: main
[0m19:23:00.644863 [info ] [MainThread]:   connect_timeout: 10
[0m19:23:00.645275 [info ] [MainThread]:   role: None
[0m19:23:00.648851 [info ] [MainThread]:   search_path: None
[0m19:23:00.649410 [info ] [MainThread]:   keepalives_idle: 0
[0m19:23:00.649926 [info ] [MainThread]:   sslmode: None
[0m19:23:00.650392 [info ] [MainThread]:   sslcert: None
[0m19:23:00.650864 [info ] [MainThread]:   sslkey: None
[0m19:23:00.651293 [info ] [MainThread]:   sslrootcert: None
[0m19:23:00.651728 [info ] [MainThread]:   application_name: dbt
[0m19:23:00.652143 [info ] [MainThread]:   retries: 1
[0m19:23:00.652796 [info ] [MainThread]: Registered adapter: postgres=1.7.3
[0m19:23:00.682900 [debug] [MainThread]: Acquiring new postgres connection 'debug'
[0m19:23:00.683976 [debug] [MainThread]: Using postgres connection "debug"
[0m19:23:00.684729 [debug] [MainThread]: On debug: select 1 as id
[0m19:23:00.685315 [debug] [MainThread]: Opening a new connection, currently in state init
[0m19:23:00.720511 [debug] [MainThread]: SQL status: SELECT 1 in 0.0 seconds
[0m19:23:00.722071 [debug] [MainThread]: On debug: Close
[0m19:23:00.722588 [info ] [MainThread]:   Connection test: [[32mOK connection ok[0m]

[0m19:23:00.723086 [info ] [MainThread]: [31m1 check failed:[0m
[0m19:23:00.723617 [info ] [MainThread]: Project loading failed for the following reason:
 project path </Users/jirafona/git_repos/dbt-tutorial/dbt_project.yml> not found

[0m19:23:00.748533 [debug] [MainThread]: Resource report: {"command_name": "debug", "command_wall_clock_time": 0.29225233, "process_user_time": 2.125979, "process_kernel_time": 0.166301, "process_mem_max_rss": "97497088", "command_success": false, "process_in_blocks": "0", "process_out_blocks": "0"}
[0m19:23:00.749387 [debug] [MainThread]: Command `dbt debug` failed at 19:23:00.749207 after 0.29 seconds
[0m19:23:00.749899 [debug] [MainThread]: Connection 'debug' was properly closed.
[0m19:23:00.750418 [debug] [MainThread]: Sending event: {'category': 'dbt', 'action': 'invocation', 'label': 'end', 'context': [<snowplow_tracker.self_describing_json.SelfDescribingJson object at 0x10aa25a90>, <snowplow_tracker.self_describing_json.SelfDescribingJson object at 0x10cf95910>, <snowplow_tracker.self_describing_json.SelfDescribingJson object at 0x10cfadd90>]}
[0m19:23:00.751432 [debug] [MainThread]: Flushing usage events
[0m19:25:46.959084 [debug] [MainThread]: Sending event: {'category': 'dbt', 'action': 'invocation', 'label': 'start', 'context': [<snowplow_tracker.self_describing_json.SelfDescribingJson object at 0x108286a90>, <snowplow_tracker.self_describing_json.SelfDescribingJson object at 0x10a4a74c0>, <snowplow_tracker.self_describing_json.SelfDescribingJson object at 0x10a476430>]}


============================== 19:25:46.962662 | 56594903-6a7e-4d81-940e-08159dcbbd8b ==============================
[0m19:25:46.962662 [info ] [MainThread]: Running with dbt=1.7.3
[0m19:25:46.963322 [debug] [MainThread]: running dbt with arguments {'printer_width': '80', 'indirect_selection': 'eager', 'log_cache_events': 'False', 'write_json': 'True', 'partial_parse': 'True', 'cache_selected_only': 'False', 'warn_error': 'None', 'version_check': 'True', 'debug': 'False', 'log_path': 'logs', 'profiles_dir': '/Users/jirafona/.dbt', 'fail_fast': 'False', 'use_colors': 'True', 'use_experimental_parser': 'False', 'no_print': 'None', 'quiet': 'False', 'log_format': 'default', 'static_parser': 'True', 'warn_error_options': 'WarnErrorOptions(include=[], exclude=[])', 'introspect': 'True', 'target_path': 'None', 'invocation_command': 'dbt debug', 'send_anonymous_usage_stats': 'True'}
[0m19:25:46.964031 [info ] [MainThread]: dbt version: 1.7.3
[0m19:25:46.964487 [info ] [MainThread]: python version: 3.9.9
[0m19:25:46.964938 [info ] [MainThread]: python path: /Users/jirafona/.pyenv/versions/dbt-env/bin/python
[0m19:25:46.965354 [info ] [MainThread]: os info: macOS-13.6.1-x86_64-i386-64bit
[0m19:25:47.060979 [info ] [MainThread]: Using profiles dir at /Users/jirafona/.dbt
[0m19:25:47.061546 [info ] [MainThread]: Using profiles.yml file at /Users/jirafona/.dbt/profiles.yml
[0m19:25:47.062007 [info ] [MainThread]: Using dbt_project.yml file at /Users/jirafona/git_repos/dbt-tutorial/dbt_project.yml
[0m19:25:47.062641 [info ] [MainThread]: adapter type: postgres
[0m19:25:47.063082 [info ] [MainThread]: adapter version: 1.7.3
[0m19:25:47.063539 [info ] [MainThread]: Configuration:
[0m19:25:47.063976 [info ] [MainThread]:   profiles.yml file [[32mOK found and valid[0m]
[0m19:25:47.064405 [info ] [MainThread]:   dbt_project.yml file [[31mERROR not found[0m]
[0m19:25:47.064834 [info ] [MainThread]: Required dependencies:
[0m19:25:47.065302 [debug] [MainThread]: Executing "git --help"
[0m19:25:47.073150 [debug] [MainThread]: STDOUT: "b"usage: git [-v | --version] [-h | --help] [-C <path>] [-c <name>=<value>]\n           [--exec-path[=<path>]] [--html-path] [--man-path] [--info-path]\n           [-p | --paginate | -P | --no-pager] [--no-replace-objects] [--bare]\n           [--git-dir=<path>] [--work-tree=<path>] [--namespace=<name>]\n           [--config-env=<name>=<envvar>] <command> [<args>]\n\nThese are common Git commands used in various situations:\n\nstart a working area (see also: git help tutorial)\n   clone     Clone a repository into a new directory\n   init      Create an empty Git repository or reinitialize an existing one\n\nwork on the current change (see also: git help everyday)\n   add       Add file contents to the index\n   mv        Move or rename a file, a directory, or a symlink\n   restore   Restore working tree files\n   rm        Remove files from the working tree and from the index\n\nexamine the history and state (see also: git help revisions)\n   bisect    Use binary search to find the commit that introduced a bug\n   diff      Show changes between commits, commit and working tree, etc\n   grep      Print lines matching a pattern\n   log       Show commit logs\n   show      Show various types of objects\n   status    Show the working tree status\n\ngrow, mark and tweak your common history\n   branch    List, create, or delete branches\n   commit    Record changes to the repository\n   merge     Join two or more development histories together\n   rebase    Reapply commits on top of another base tip\n   reset     Reset current HEAD to the specified state\n   switch    Switch branches\n   tag       Create, list, delete or verify a tag object signed with GPG\n\ncollaborate (see also: git help workflows)\n   fetch     Download objects and refs from another repository\n   pull      Fetch from and integrate with another repository or a local branch\n   push      Update remote refs along with associated objects\n\n'git help -a' and 'git help -g' list available subcommands and some\nconcept guides. See 'git help <command>' or 'git help <concept>'\nto read about a specific subcommand or concept.\nSee 'git help git' for an overview of the system.\n""
[0m19:25:47.074170 [debug] [MainThread]: STDERR: "b''"
[0m19:25:47.074698 [info ] [MainThread]:  - git [[32mOK found[0m]

[0m19:25:47.075170 [info ] [MainThread]: Connection:
[0m19:25:47.075717 [info ] [MainThread]:   host: localhost
[0m19:25:47.076148 [info ] [MainThread]:   port: 5432
[0m19:25:47.076607 [info ] [MainThread]:   user: jirafona
[0m19:25:47.077030 [info ] [MainThread]:   database: jirafona
[0m19:25:47.077587 [info ] [MainThread]:   schema: main
[0m19:25:47.078051 [info ] [MainThread]:   connect_timeout: 10
[0m19:25:47.078480 [info ] [MainThread]:   role: None
[0m19:25:47.078938 [info ] [MainThread]:   search_path: None
[0m19:25:47.079386 [info ] [MainThread]:   keepalives_idle: 0
[0m19:25:47.079892 [info ] [MainThread]:   sslmode: None
[0m19:25:47.080391 [info ] [MainThread]:   sslcert: None
[0m19:25:47.081064 [info ] [MainThread]:   sslkey: None
[0m19:25:47.081567 [info ] [MainThread]:   sslrootcert: None
[0m19:25:47.082084 [info ] [MainThread]:   application_name: dbt
[0m19:25:47.082521 [info ] [MainThread]:   retries: 1
[0m19:25:47.083151 [info ] [MainThread]: Registered adapter: postgres=1.7.3
[0m19:25:47.087519 [debug] [MainThread]: Acquiring new postgres connection 'debug'
[0m19:25:47.088738 [debug] [MainThread]: Using postgres connection "debug"
[0m19:25:47.089384 [debug] [MainThread]: On debug: select 1 as id
[0m19:25:47.089879 [debug] [MainThread]: Opening a new connection, currently in state init
[0m19:25:47.116155 [debug] [MainThread]: SQL status: SELECT 1 in 0.0 seconds
[0m19:25:47.117687 [debug] [MainThread]: On debug: Close
[0m19:25:47.118205 [info ] [MainThread]:   Connection test: [[32mOK connection ok[0m]

[0m19:25:47.118694 [info ] [MainThread]: [31m1 check failed:[0m
[0m19:25:47.119204 [info ] [MainThread]: Project loading failed for the following reason:
 project path </Users/jirafona/git_repos/dbt-tutorial/dbt_project.yml> not found

[0m19:25:47.121457 [debug] [MainThread]: Resource report: {"command_name": "debug", "command_wall_clock_time": 0.21673845, "process_user_time": 2.092961, "process_kernel_time": 0.158667, "process_mem_max_rss": "97026048", "command_success": false, "process_in_blocks": "0", "process_out_blocks": "0"}
[0m19:25:47.122986 [debug] [MainThread]: Command `dbt debug` failed at 19:25:47.122722 after 0.22 seconds
[0m19:25:47.123674 [debug] [MainThread]: Connection 'debug' was properly closed.
[0m19:25:47.124192 [debug] [MainThread]: Sending event: {'category': 'dbt', 'action': 'invocation', 'label': 'end', 'context': [<snowplow_tracker.self_describing_json.SelfDescribingJson object at 0x108286a90>, <snowplow_tracker.self_describing_json.SelfDescribingJson object at 0x10a7f5910>, <snowplow_tracker.self_describing_json.SelfDescribingJson object at 0x10a80dd90>]}
[0m19:25:47.124761 [debug] [MainThread]: Flushing usage events
